/Users/yunsihun/1capjjang/capstone/Timetable_Generator/venv310/lib/python3.10/site-packages/rasa/core/tracker_store.py:1044: MovedIn20Warning: Deprecated API features detected! These feature(s) are not compatible with SQLAlchemy 2.0. To prevent incompatible upgrades prior to updating applications, ensure requirements files are pinned to "sqlalchemy<2.0". Set environment variable SQLALCHEMY_WARN_20=1 to show all deprecation warnings.  Set environment variable SQLALCHEMY_SILENCE_UBER_WARNING=1 to silence this message. (Background on SQLAlchemy 2.0 at: https://sqlalche.me/e/b8d9)
  Base: DeclarativeMeta = declarative_base()
/Users/yunsihun/1capjjang/capstone/Timetable_Generator/venv310/lib/python3.10/site-packages/rasa/shared/utils/validation.py:134: DeprecationWarning: pkg_resources is deprecated as an API. See https://setuptools.pypa.io/en/latest/pkg_resources.html
  import pkg_resources
/Users/yunsihun/1capjjang/capstone/Timetable_Generator/venv310/lib/python3.10/site-packages/pkg_resources/__init__.py:3117: DeprecationWarning: Deprecated call to `pkg_resources.declare_namespace('mpl_toolkits')`.
Implementing implicit namespace packages (as specified in PEP 420) is preferred to `pkg_resources.declare_namespace`. See https://setuptools.pypa.io/en/latest/references/keywords.html#keyword-namespace-packages
  declare_namespace(pkg)
/Users/yunsihun/1capjjang/capstone/Timetable_Generator/venv310/lib/python3.10/site-packages/pkg_resources/__init__.py:3117: DeprecationWarning: Deprecated call to `pkg_resources.declare_namespace('ruamel')`.
Implementing implicit namespace packages (as specified in PEP 420) is preferred to `pkg_resources.declare_namespace`. See https://setuptools.pypa.io/en/latest/references/keywords.html#keyword-namespace-packages
  declare_namespace(pkg)
<frozen importlib._bootstrap>:283: DeprecationWarning: the load_module() method is deprecated and slated for removal in Python 3.12; use exec_module() instead
2025-06-06 19:49:34 DEBUG    rasa.cli.utils  - Parameter 'credentials' not set. Using default location 'credentials.yml' instead.
/Users/yunsihun/1capjjang/capstone/Timetable_Generator/venv310/lib/python3.10/site-packages/sanic_cors/extension.py:39: DeprecationWarning: distutils Version classes are deprecated. Use packaging.version instead.
  SANIC_VERSION = LooseVersion(sanic_version)
2025-06-06 19:49:35 DEBUG    h5py._conv  - Creating converter from 7 to 5
2025-06-06 19:49:35 DEBUG    h5py._conv  - Creating converter from 5 to 7
2025-06-06 19:49:35 DEBUG    h5py._conv  - Creating converter from 7 to 5
2025-06-06 19:49:35 DEBUG    h5py._conv  - Creating converter from 5 to 7
2025-06-06 19:49:35 DEBUG    jax._src.path  - etils.epath was not found. Using pathlib for file I/O.
/Users/yunsihun/1capjjang/capstone/Timetable_Generator/venv310/lib/python3.10/site-packages/tensorflow/lite/python/util.py:52: DeprecationWarning: jax.xla_computation is deprecated. Please use the AOT APIs.
  from jax import xla_computation as _xla_computation
<frozen importlib._bootstrap>:283: DeprecationWarning: the load_module() method is deprecated and slated for removal in Python 3.12; use exec_module() instead
2025-06-06 19:49:37 DEBUG    rasa.core.utils  - Available web server routes: 
/conversations/<conversation_id:path>/messages     POST                           add_message
/conversations/<conversation_id:path>/tracker/events POST                           append_events
/webhooks/rasa                                     GET                            custom_webhook_RasaChatInput.health
/webhooks/rasa/webhook                             POST                           custom_webhook_RasaChatInput.receive
/webhooks/rest                                     GET                            custom_webhook_RestInput.health
/webhooks/rest/webhook                             POST                           custom_webhook_RestInput.receive
/model/test/intents                                POST                           evaluate_intents
/model/test/stories                                POST                           evaluate_stories
/conversations/<conversation_id:path>/execute      POST                           execute_action
/domain                                            GET                            get_domain
/                                                  GET                            hello
/model                                             PUT                            load_model
/model/parse                                       POST                           parse
/conversations/<conversation_id:path>/predict      POST                           predict
/conversations/<conversation_id:path>/tracker/events PUT                            replace_events
/conversations/<conversation_id:path>/story        GET                            retrieve_story
/conversations/<conversation_id:path>/tracker      GET                            retrieve_tracker
/status                                            GET                            status
/model/predict                                     POST                           tracker_predict
/model/train                                       POST                           train
/conversations/<conversation_id:path>/trigger_intent POST                           trigger_intent
/model                                             DELETE                         unload_model
/version                                           GET                            version
2025-06-06 19:49:37 INFO     root  - Starting Rasa server on http://0.0.0.0:5005
2025-06-06 19:49:37 DEBUG    rasa.core.utils  - Using the default number of Sanic workers (1).
[93m/Users/yunsihun/1capjjang/capstone/Timetable_Generator/venv310/lib/python3.10/site-packages/rasa/shared/core/slot_mappings.py:224: UserWarning: Slot auto-fill has been removed in 3.0 and replaced with a new explicit mechanism to set slots. Please refer to https://rasa.com/docs/rasa/domain#slots to learn more.
  rasa.shared.utils.io.raise_warning(
[0m2025-06-06 19:49:37 DEBUG    rasa.telemetry  - Skipping telemetry reporting: no license hash found.
2025-06-06 19:49:37 DEBUG    rasa.core.tracker_store  - Connected to InMemoryTrackerStore.
2025-06-06 19:49:37 DEBUG    rasa.core.lock_store  - Connected to lock store 'InMemoryLockStore'.
2025-06-06 19:49:37 DEBUG    rasa.core.nlg.generator  - Instantiated NLG to 'TemplatedNaturalLanguageGenerator'.
2025-06-06 19:49:37 INFO     rasa.core.processor  - Loading model models/20250604-134947-inverse-force.tar.gz...
2025-06-06 19:49:38 DEBUG    rasa.engine.storage.local_model_storage  - Extracted model to '/var/folders/74/zr_jcw_d7kzf5h1wq57kklzw0000gn/T/tmpj7sh4auz'.
[93m/Users/yunsihun/1capjjang/capstone/Timetable_Generator/venv310/lib/python3.10/site-packages/rasa/shared/core/slot_mappings.py:224: UserWarning: Slot auto-fill has been removed in 3.0 and replaced with a new explicit mechanism to set slots. Please refer to https://rasa.com/docs/rasa/domain#slots to learn more.
  rasa.shared.utils.io.raise_warning(
[0m2025-06-06 19:49:38 DEBUG    rasa.engine.graph  - Node 'nlu_message_converter' loading 'NLUMessageConverter.load' and kwargs: '{}'.
2025-06-06 19:49:38 DEBUG    rasa.engine.graph  - Node 'run_WhitespaceTokenizer0' loading 'WhitespaceTokenizer.load' and kwargs: '{}'.
2025-06-06 19:49:38 DEBUG    rasa.engine.graph  - Node 'run_RegexFeaturizer1' loading 'RegexFeaturizer.load' and kwargs: '{}'.
2025-06-06 19:49:38 DEBUG    rasa.engine.storage.local_model_storage  - Resource 'train_RegexFeaturizer1' was requested for reading.
2025-06-06 19:49:38 DEBUG    rasa.engine.graph  - Node 'run_LexicalSyntacticFeaturizer2' loading 'LexicalSyntacticFeaturizer.load' and kwargs: '{}'.
2025-06-06 19:49:38 DEBUG    rasa.engine.storage.local_model_storage  - Resource 'train_LexicalSyntacticFeaturizer2' was requested for reading.
2025-06-06 19:49:38 DEBUG    rasa.engine.graph  - Node 'run_CountVectorsFeaturizer3' loading 'CountVectorsFeaturizer.load' and kwargs: '{}'.
2025-06-06 19:49:38 DEBUG    rasa.engine.storage.local_model_storage  - Resource 'train_CountVectorsFeaturizer3' was requested for reading.
2025-06-06 19:49:38 DEBUG    rasa.engine.graph  - Node 'run_CountVectorsFeaturizer4' loading 'CountVectorsFeaturizer.load' and kwargs: '{}'.
2025-06-06 19:49:38 DEBUG    rasa.engine.storage.local_model_storage  - Resource 'train_CountVectorsFeaturizer4' was requested for reading.
2025-06-06 19:49:38 DEBUG    rasa.engine.graph  - Node 'run_DIETClassifier5' loading 'DIETClassifier.load' and kwargs: '{}'.
2025-06-06 19:49:38 DEBUG    rasa.engine.storage.local_model_storage  - Resource 'train_DIETClassifier5' was requested for reading.
2025-06-06 19:49:38 DEBUG    rasa.utils.tensorflow.models  - Loading the model from /var/folders/74/zr_jcw_d7kzf5h1wq57kklzw0000gn/T/tmpapi1qqe2/train_DIETClassifier5/DIETClassifier.tf_model with finetune_mode=False...
2025-06-06 19:49:38 DEBUG    rasa.nlu.classifiers.diet_classifier  - Following metrics will be logged during training: 
2025-06-06 19:49:38 DEBUG    rasa.nlu.classifiers.diet_classifier  -   t_loss (total loss)
2025-06-06 19:49:38 DEBUG    rasa.nlu.classifiers.diet_classifier  -   i_acc (intent acc)
2025-06-06 19:49:38 DEBUG    rasa.nlu.classifiers.diet_classifier  -   i_loss (intent loss)
2025-06-06 19:49:38 DEBUG    rasa.nlu.classifiers.diet_classifier  -   e_f1 (entity f1)
2025-06-06 19:49:38 DEBUG    rasa.nlu.classifiers.diet_classifier  -   e_loss (entity loss)
2025-06-06 19:49:38 WARNING  absl  - At this time, the v2.11+ optimizer `tf.keras.optimizers.Adam` runs slowly on M1/M2 Macs, please use the legacy Keras optimizer instead, located at `tf.keras.optimizers.legacy.Adam`.
2025-06-06 19:49:38 WARNING  absl  - There is a known slowdown when using v2.11+ Keras optimizers on M1/M2 Macs. Falling back to the legacy Keras optimizer, i.e., `tf.keras.optimizers.legacy.Adam`.
/opt/homebrew/Cellar/python@3.10/3.10.17/Frameworks/Python.framework/Versions/3.10/lib/python3.10/random.py:370: DeprecationWarning: non-integer arguments to randrange() have been deprecated since Python 3.10 and will be removed in a subsequent version
  return self.randrange(a, b+1)
2025-06-06 19:49:48 DEBUG    rasa.utils.tensorflow.models  - Finished loading the model.
[93m/Users/yunsihun/1capjjang/capstone/Timetable_Generator/venv310/lib/python3.10/site-packages/rasa/utils/train_utils.py:530: UserWarning: constrain_similarities is set to `False`. It is recommended to set it to `True` when using cross-entropy loss.
  rasa.shared.utils.io.raise_warning(
[0m2025-06-06 19:49:48 DEBUG    rasa.engine.graph  - Node 'run_EntitySynonymMapper6' loading 'EntitySynonymMapper.load' and kwargs: '{}'.
2025-06-06 19:49:48 DEBUG    rasa.engine.storage.local_model_storage  - Resource 'train_EntitySynonymMapper6' was requested for reading.
2025-06-06 19:49:48 DEBUG    rasa.engine.graph  - Node 'run_ResponseSelector7' loading 'ResponseSelector.load' and kwargs: '{}'.
2025-06-06 19:49:48 DEBUG    rasa.engine.storage.local_model_storage  - Resource 'train_ResponseSelector7' was requested for reading.
2025-06-06 19:49:48 DEBUG    rasa.nlu.classifiers.diet_classifier  - Failed to load ABCMeta from model storage. Resource 'train_ResponseSelector7' doesn't exist.
2025-06-06 19:49:48 DEBUG    rasa.engine.storage.local_model_storage  - Resource 'train_ResponseSelector7' was requested for reading.
2025-06-06 19:49:48 DEBUG    rasa.nlu.selectors.response_selector  - Failed to load ResponseSelector from model storage. Resource 'train_ResponseSelector7' doesn't exist.
2025-06-06 19:49:48 DEBUG    rasa.engine.graph  - Node 'run_RegexMessageHandler' loading 'RegexMessageHandler.load' and kwargs: '{}'.
2025-06-06 19:49:48 DEBUG    rasa.engine.graph  - Node 'domain_provider' loading 'DomainProvider.load' and kwargs: '{}'.
2025-06-06 19:49:48 DEBUG    rasa.engine.storage.local_model_storage  - Resource 'domain_provider' was requested for reading.
<frozen importlib._bootstrap>:283: DeprecationWarning: the load_module() method is deprecated and slated for removal in Python 3.12; use exec_module() instead
2025-06-06 19:49:48 DEBUG    rasa.engine.graph  - Node 'run_MemoizationPolicy0' loading 'MemoizationPolicy.load' and kwargs: '{}'.
2025-06-06 19:49:48 DEBUG    rasa.engine.storage.local_model_storage  - Resource 'train_MemoizationPolicy0' was requested for reading.
2025-06-06 19:49:48 DEBUG    rasa.engine.graph  - Node 'run_RulePolicy1' loading 'RulePolicy.load' and kwargs: '{}'.
2025-06-06 19:49:48 DEBUG    rasa.engine.storage.local_model_storage  - Resource 'train_RulePolicy1' was requested for reading.
2025-06-06 19:49:48 DEBUG    rasa.engine.graph  - Node 'run_TEDPolicy2' loading 'TEDPolicy.load' and kwargs: '{}'.
2025-06-06 19:49:48 DEBUG    rasa.engine.storage.local_model_storage  - Resource 'train_TEDPolicy2' was requested for reading.
2025-06-06 19:49:48 DEBUG    rasa.utils.tensorflow.models  - Loading the model from /var/folders/74/zr_jcw_d7kzf5h1wq57kklzw0000gn/T/tmpapi1qqe2/train_TEDPolicy2/ted_policy.tf_model with finetune_mode=False...
2025-06-06 19:49:48 WARNING  absl  - At this time, the v2.11+ optimizer `tf.keras.optimizers.Adam` runs slowly on M1/M2 Macs, please use the legacy Keras optimizer instead, located at `tf.keras.optimizers.legacy.Adam`.
2025-06-06 19:49:48 WARNING  absl  - There is a known slowdown when using v2.11+ Keras optimizers on M1/M2 Macs. Falling back to the legacy Keras optimizer, i.e., `tf.keras.optimizers.legacy.Adam`.
2025-06-06 19:49:53 DEBUG    rasa.utils.tensorflow.models  - Finished loading the model.
2025-06-06 19:49:53 DEBUG    rasa.engine.graph  - Node 'run_UnexpecTEDIntentPolicy3' loading 'UnexpecTEDIntentPolicy.load' and kwargs: '{}'.
2025-06-06 19:49:53 DEBUG    rasa.engine.storage.local_model_storage  - Resource 'train_UnexpecTEDIntentPolicy3' was requested for reading.
2025-06-06 19:49:53 DEBUG    rasa.utils.tensorflow.models  - Loading the model from /var/folders/74/zr_jcw_d7kzf5h1wq57kklzw0000gn/T/tmpapi1qqe2/train_UnexpecTEDIntentPolicy3/unexpected_intent_policy.tf_model with finetune_mode=False...
2025-06-06 19:49:53 WARNING  absl  - At this time, the v2.11+ optimizer `tf.keras.optimizers.Adam` runs slowly on M1/M2 Macs, please use the legacy Keras optimizer instead, located at `tf.keras.optimizers.legacy.Adam`.
2025-06-06 19:49:53 WARNING  absl  - There is a known slowdown when using v2.11+ Keras optimizers on M1/M2 Macs. Falling back to the legacy Keras optimizer, i.e., `tf.keras.optimizers.legacy.Adam`.
2025-06-06 19:49:57 DEBUG    rasa.utils.tensorflow.models  - Finished loading the model.
2025-06-06 19:49:57 WARNING  rasa.shared.utils.common  - The UnexpecTED Intent Policy is currently experimental and might change or be removed in the future 🔬 Please share your feedback on it in the forum (https://forum.rasa.com) to help us make this feature ready for production.
2025-06-06 19:49:57 DEBUG    rasa.engine.graph  - Node 'rule_only_data_provider' loading 'RuleOnlyDataProvider.load' and kwargs: '{}'.
2025-06-06 19:49:57 DEBUG    rasa.engine.storage.local_model_storage  - Resource 'train_RulePolicy1' was requested for reading.
2025-06-06 19:49:57 DEBUG    rasa.engine.graph  - Node 'select_prediction' loading 'DefaultPolicyPredictionEnsemble.load' and kwargs: '{}'.
2025-06-06 19:49:57 INFO     root  - Rasa server is up and running.
2025-06-06 19:49:57 INFO     root  - Enabling coroutine debugging. Loop id 13920882208.
